<?xml version="1.0" encoding="UTF-8"?>
<testng-results skipped="0" failed="0" ignored="0" total="1" passed="1">
  <reporter-output>
  </reporter-output>
  <suite name="Suite" duration-ms="47" started-at="2021-10-30T16:24:50 IST" finished-at="2021-10-30T16:24:51 IST">
    <groups>
    </groups>
    <test name="Test" duration-ms="47" started-at="2021-10-30T16:24:50 IST" finished-at="2021-10-30T16:24:51 IST">
      <class name="apptest.AppTest">
        <test-method status="PASS" signature="m1()[pri:0, instance:apptest.AppTest@57fffcd7]" name="m1" duration-ms="5" started-at="2021-10-30T16:24:51 IST" finished-at="2021-10-30T16:24:51 IST">
          <reporter-output>
          </reporter-output>
        </test-method> <!-- m1 -->
      </class> <!-- apptest.AppTest -->
    </test> <!-- Test -->
  </suite> <!-- Suite -->
</testng-results>
